
[17:25:25 UTC] [SUCCESS] {"required_plugins":{"active":[],"inactive":[],"notinstalled":[{"slug":"elementor","init":"elementor\/elementor.php","name":"Elementor","action":"http:\/\/localhost\/wordpress\/wp-admin\/update.php?action=install-plugin&plugin=elementor&_wpnonce=e038dd30f5"},{"slug":"wpforms-lite","init":"wpforms-lite\/wpforms.php","name":"WPForms Lite","action":"http:\/\/localhost\/wordpress\/wp-admin\/update.php?action=install-plugin&plugin=wpforms-lite&_wpnonce=a8ea8c585c"},{"slug":"header-footer-elementor","init":"header-footer-elementor\/header-footer-elementor.php","name":"Ultimate Addons for Elementor Lite","action":"http:\/\/localhost\/wordpress\/wp-admin\/update.php?action=install-plugin&plugin=header-footer-elementor&_wpnonce=e333171cb5"},{"slug":"sureforms","init":"sureforms\/sureforms.php","name":"SureForms","action":"http:\/\/localhost\/wordpress\/wp-admin\/update.php?action=install-plugin&plugin=sureforms&_wpnonce=bed8c9b516"}]},"third_party_required_plugins":[],"update_avilable_plugins":[],"incompatible_plugins":[],"error":false} | Context: {"required_plugins":{"active":[],"inactive":[],"notinstalled":[{"slug":"elementor","init":"elementor\/elementor.php","name":"Elementor","action":"http:\/\/localhost\/wordpress\/wp-admin\/update.php?action=install-plugin&plugin=elementor&_wpnonce=e038dd30f5"},{"slug":"wpforms-lite","init":"wpforms-lite\/wpforms.php","name":"WPForms Lite","action":"http:\/\/localhost\/wordpress\/wp-admin\/update.php?action=install-plugin&plugin=wpforms-lite&_wpnonce=a8ea8c585c"},{"slug":"header-footer-elementor","init":"header-footer-elementor\/header-footer-elementor.php","name":"Ultimate Addons for Elementor Lite","action":"http:\/\/localhost\/wordpress\/wp-admin\/update.php?action=install-plugin&plugin=header-footer-elementor&_wpnonce=e333171cb5"},{"slug":"sureforms","init":"sureforms\/sureforms.php","name":"SureForms","action":"http:\/\/localhost\/wordpress\/wp-admin\/update.php?action=install-plugin&plugin=sureforms&_wpnonce=bed8c9b516"}]},"third_party_required_plugins":[],"update_avilable_plugins":[],"incompatible_plugins":[],"error":false}
[17:25:26 UTC] [SUCCESS] {"permissions":{"is_readable":true,"is_writable":true,"is_wp_filesystem":true},"directory":"C:\\xampp\\htdocs\\wordpress\/wp-content\/uploads"} | Context: {"permissions":{"is_readable":true,"is_writable":true,"is_wp_filesystem":true},"directory":"C:\\xampp\\htdocs\\wordpress\/wp-content\/uploads"}
[17:27:08 UTC] [INFO] Starting import process | Context: {"template_type":"classic","uuid":""}
[17:27:08 UTC] [INFO] Started Import Process
[17:27:08 UTC] [INFO] # System Details: 
[17:27:08 UTC] [INFO] Debug Mode 		: Disabled
[17:27:08 UTC] [INFO] Operating System 	: WINNT
[17:27:08 UTC] [INFO] Software 		: Apache/2.4.58 (Win64) OpenSSL/3.1.3 PHP/8.0.30
[17:27:08 UTC] [INFO] MySQL version 		: 10.4.32
[17:27:08 UTC] [INFO] XML Reader 		: Yes
[17:27:08 UTC] [INFO] PHP Version 		: 8.0.30
[17:27:08 UTC] [INFO] PHP Max Input Vars 	: 1000
[17:27:08 UTC] [INFO] PHP Max Post Size 	: 40M
[17:27:08 UTC] [INFO] PHP Extension GD 	: No
[17:27:08 UTC] [INFO] PHP Max Execution Time 	: 120
[17:27:08 UTC] [INFO] Max Upload Size 	: 40 MB
[17:27:08 UTC] [INFO] Memory Limit 		: Current memory limit 40M. We recommend setting memory to at least 64M.
[17:27:08 UTC] [INFO] Timezone 		: 0
[17:27:08 UTC] [INFO] 
-----

[17:27:08 UTC] [INFO] Importing Started! - 17:27:08 UTC
[17:27:08 UTC] [INFO] ---

[17:27:08 UTC] [INFO] WHY IMPORT PROCESS CAN FAIL? READ THIS - 
[17:27:08 UTC] [INFO] https://wpastra.com/docs/?p=1314&utm_source=demo-import-panel&utm_campaign=import-error&utm_medium=wp-dashboard

[17:27:08 UTC] [INFO] ---

[17:27:08 UTC] [SUCCESS] Import process start flag set successfully | Context: {"template_type":"classic"}
[17:27:12 UTC] [INFO] Checking if plugin directory clearing is needed
[17:27:18 UTC] [INFO] Image subsizes deferral enabled for import
[17:28:24 UTC] [INFO] Image subsizes deferral enabled for import
[17:28:57 UTC] [INFO] Image subsizes deferral enabled for import
[17:28:59 UTC] [SUCCESS] Plugin Activated | Context: {"success":true,"status":"activated","message":"Plugin Activated"}
[17:29:00 UTC] [INFO] Checking if plugin directory clearing is needed
[17:29:00 UTC] [INFO] Plugin install clear directory enabled - Will clear destination directory
[17:29:00 UTC] [INFO] Plugin install clear directory options returned
[17:29:06 UTC] [INFO] Image subsizes deferral enabled for import
[17:29:23 UTC] [INFO] Image subsizes deferral enabled for import
[17:30:31 UTC] [INFO] Image subsizes deferral enabled for import
[17:30:45 UTC] [INFO] Image subsizes deferral enabled for import
[17:31:00 UTC] [INFO] Image subsizes deferral enabled for import
[17:31:01 UTC] [INFO] Image subsizes deferral enabled for import
[17:31:01 UTC] [INFO] Image subsizes deferral enabled for import
[17:31:04 UTC] [INFO] Checking if plugin directory clearing is needed
[17:31:04 UTC] [INFO] Plugin install clear directory enabled - Will clear destination directory
[17:31:04 UTC] [INFO] Plugin install clear directory options returned
[17:31:18 UTC] [INFO] Image subsizes deferral enabled for import
[17:31:22 UTC] [INFO] Image subsizes deferral enabled for import
[17:31:23 UTC] [INFO] Image subsizes deferral enabled for import
[17:31:24 UTC] [INFO] Starting import process | Context: {"template_type":"classic","uuid":""}
[17:31:24 UTC] [INFO] Started Import Process
[17:31:24 UTC] [INFO] # System Details: 
[17:31:24 UTC] [INFO] Debug Mode 		: Disabled
[17:31:25 UTC] [INFO] Operating System 	: WINNT
[17:31:25 UTC] [INFO] Software 		: Apache/2.4.58 (Win64) OpenSSL/3.1.3 PHP/8.0.30
[17:31:25 UTC] [INFO] MySQL version 		: 10.4.32
[17:31:25 UTC] [INFO] XML Reader 		: Yes
[17:31:25 UTC] [INFO] PHP Version 		: 8.0.30
[17:31:25 UTC] [INFO] PHP Max Input Vars 	: 1000
[17:31:26 UTC] [INFO] PHP Max Post Size 	: 40M
[17:31:26 UTC] [INFO] PHP Extension GD 	: No
[17:31:26 UTC] [INFO] PHP Max Execution Time 	: 120
[17:31:26 UTC] [INFO] Max Upload Size 	: 40 MB
[17:31:26 UTC] [INFO] Memory Limit 		: Current memory limit 40M. We recommend setting memory to at least 64M.
[17:31:26 UTC] [INFO] Timezone 		: 0
[17:31:27 UTC] [INFO] 
-----

[17:31:27 UTC] [INFO] Importing Started! - 17:31:27 UTC
[17:31:27 UTC] [INFO] ---

[17:31:27 UTC] [INFO] WHY IMPORT PROCESS CAN FAIL? READ THIS - 
[17:31:27 UTC] [INFO] https://wpastra.com/docs/?p=1314&utm_source=demo-import-panel&utm_campaign=import-error&utm_medium=wp-dashboard

[17:31:27 UTC] [INFO] ---

[17:31:27 UTC] [SUCCESS] Import process start flag set successfully | Context: {"template_type":"classic"}
[17:31:29 UTC] [INFO] Image subsizes deferral enabled for import
[17:31:31 UTC] [INFO] Image subsizes deferral enabled for import
[17:31:31 UTC] [INFO] Image subsizes deferral enabled for import
[17:31:31 UTC] [SUCCESS] {"required_plugins":{"active":[{"slug":"elementor","init":"elementor\/elementor.php","name":"Elementor"}],"inactive":[],"notinstalled":[{"slug":"wpforms-lite","init":"wpforms-lite\/wpforms.php","name":"WPForms Lite","action":"http:\/\/localhost\/wordpress\/wp-admin\/update.php?action=install-plugin&plugin=wpforms-lite&_wpnonce=a8ea8c585c"},{"slug":"header-footer-elementor","init":"header-footer-elementor\/header-footer-elementor.php","name":"Ultimate Addons for Elementor Lite","action":"http:\/\/localhost\/wordpress\/wp-admin\/update.php?action=install-plugin&plugin=header-footer-elementor&_wpnonce=e333171cb5"},{"slug":"sureforms","init":"sureforms\/sureforms.php","name":"SureForms","action":"http:\/\/localhost\/wordpress\/wp-admin\/update.php?action=install-plugin&plugin=sureforms&_wpnonce=bed8c9b516"}]},"third_party_required_plugins":[],"update_avilable_plugins":[],"incompatible_plugins":[],"error":false} | Context: {"required_plugins":{"active":[{"slug":"elementor","init":"elementor\/elementor.php","name":"Elementor"}],"inactive":[],"notinstalled":[{"slug":"wpforms-lite","init":"wpforms-lite\/wpforms.php","name":"WPForms Lite","action":"http:\/\/localhost\/wordpress\/wp-admin\/update.php?action=install-plugin&plugin=wpforms-lite&_wpnonce=a8ea8c585c"},{"slug":"header-footer-elementor","init":"header-footer-elementor\/header-footer-elementor.php","name":"Ultimate Addons for Elementor Lite","action":"http:\/\/localhost\/wordpress\/wp-admin\/update.php?action=install-plugin&plugin=header-footer-elementor&_wpnonce=e333171cb5"},{"slug":"sureforms","init":"sureforms\/sureforms.php","name":"SureForms","action":"http:\/\/localhost\/wordpress\/wp-admin\/update.php?action=install-plugin&plugin=sureforms&_wpnonce=bed8c9b516"}]},"third_party_required_plugins":[],"update_avilable_plugins":[],"incompatible_plugins":[],"error":false}
[17:31:50 UTC] [INFO] Image subsizes deferral enabled for import
[17:31:51 UTC] [SUCCESS] Plugin Activated | Context: {"success":true,"status":"activated","message":"Plugin Activated"}
[17:31:53 UTC] [INFO] Checking if plugin directory clearing is needed
[17:31:53 UTC] [INFO] Plugin install clear directory enabled - Will clear destination directory
[17:31:53 UTC] [INFO] Plugin install clear directory options returned
[17:33:17 UTC] [INFO] Image subsizes deferral enabled for import
[17:33:18 UTC] [SUCCESS] Plugin Activated | Context: {"success":true,"status":"activated","message":"Plugin Activated"}
[17:33:22 UTC] [INFO] Image subsizes deferral enabled for import
[17:34:12 UTC] [INFO] Image subsizes deferral enabled for import
[17:34:24 UTC] [INFO] Image subsizes deferral enabled for import
[17:34:24 UTC] [INFO] Image subsizes deferral enabled for import
[17:34:25 UTC] [SUCCESS] {"required_plugins":{"active":[{"slug":"elementor","init":"elementor\/elementor.php","name":"Elementor"},{"slug":"header-footer-elementor","init":"header-footer-elementor\/header-footer-elementor.php","name":"Ultimate Addons for Elementor Lite"},{"slug":"sureforms","init":"sureforms\/sureforms.php","name":"SureForms"}],"inactive":[],"notinstalled":[{"slug":"wpforms-lite","init":"wpforms-lite\/wpforms.php","name":"WPForms Lite","action":"http:\/\/localhost\/wordpress\/wp-admin\/update.php?action=install-plugin&plugin=wpforms-lite&_wpnonce=a8ea8c585c"}]},"third_party_required_plugins":[],"update_avilable_plugins":[],"incompatible_plugins":[],"error":false} | Context: {"required_plugins":{"active":[{"slug":"elementor","init":"elementor\/elementor.php","name":"Elementor"},{"slug":"header-footer-elementor","init":"header-footer-elementor\/header-footer-elementor.php","name":"Ultimate Addons for Elementor Lite"},{"slug":"sureforms","init":"sureforms\/sureforms.php","name":"SureForms"}],"inactive":[],"notinstalled":[{"slug":"wpforms-lite","init":"wpforms-lite\/wpforms.php","name":"WPForms Lite","action":"http:\/\/localhost\/wordpress\/wp-admin\/update.php?action=install-plugin&plugin=wpforms-lite&_wpnonce=a8ea8c585c"}]},"third_party_required_plugins":[],"update_avilable_plugins":[],"incompatible_plugins":[],"error":false}
[17:34:25 UTC] [INFO] Image subsizes deferral enabled for import
[17:35:23 UTC] [INFO] Image subsizes deferral enabled for import
[17:35:25 UTC] [INFO] Image subsizes deferral enabled for import
[17:36:23 UTC] [INFO] Image subsizes deferral enabled for import
[17:36:25 UTC] [INFO] Image subsizes deferral enabled for import
[17:37:24 UTC] [INFO] Image subsizes deferral enabled for import
[17:37:26 UTC] [INFO] Image subsizes deferral enabled for import
[17:38:24 UTC] [INFO] Image subsizes deferral enabled for import
[17:38:26 UTC] [INFO] Image subsizes deferral enabled for import
[17:38:43 UTC] [INFO] Image subsizes deferral enabled for import
[17:38:51 UTC] [INFO] Image subsizes deferral enabled for import
[17:38:51 UTC] [INFO] Image subsizes deferral enabled for import
[17:38:51 UTC] [SUCCESS] {"required_plugins":{"active":[{"slug":"elementor","init":"elementor\/elementor.php","name":"Elementor"},{"slug":"header-footer-elementor","init":"header-footer-elementor\/header-footer-elementor.php","name":"Ultimate Addons for Elementor Lite"},{"slug":"sureforms","init":"sureforms\/sureforms.php","name":"SureForms"}],"inactive":[],"notinstalled":[{"slug":"wpforms-lite","init":"wpforms-lite\/wpforms.php","name":"WPForms Lite","action":"http:\/\/localhost\/wordpress\/wp-admin\/update.php?action=install-plugin&plugin=wpforms-lite&_wpnonce=a8ea8c585c"}]},"third_party_required_plugins":[],"update_avilable_plugins":[],"incompatible_plugins":[],"error":false} | Context: {"required_plugins":{"active":[{"slug":"elementor","init":"elementor\/elementor.php","name":"Elementor"},{"slug":"header-footer-elementor","init":"header-footer-elementor\/header-footer-elementor.php","name":"Ultimate Addons for Elementor Lite"},{"slug":"sureforms","init":"sureforms\/sureforms.php","name":"SureForms"}],"inactive":[],"notinstalled":[{"slug":"wpforms-lite","init":"wpforms-lite\/wpforms.php","name":"WPForms Lite","action":"http:\/\/localhost\/wordpress\/wp-admin\/update.php?action=install-plugin&plugin=wpforms-lite&_wpnonce=a8ea8c585c"}]},"third_party_required_plugins":[],"update_avilable_plugins":[],"incompatible_plugins":[],"error":false}
[17:39:13 UTC] [INFO] Image subsizes deferral enabled for import
[17:39:21 UTC] [INFO] Image subsizes deferral enabled for import
[17:39:21 UTC] [INFO] Image subsizes deferral enabled for import
[17:39:21 UTC] [SUCCESS] {"required_plugins":{"active":[{"slug":"elementor","init":"elementor\/elementor.php","name":"Elementor"},{"slug":"header-footer-elementor","init":"header-footer-elementor\/header-footer-elementor.php","name":"Ultimate Addons for Elementor Lite"},{"slug":"sureforms","init":"sureforms\/sureforms.php","name":"SureForms"}],"inactive":[],"notinstalled":[{"slug":"wpforms-lite","init":"wpforms-lite\/wpforms.php","name":"WPForms Lite","action":"http:\/\/localhost\/wordpress\/wp-admin\/update.php?action=install-plugin&plugin=wpforms-lite&_wpnonce=a8ea8c585c"}]},"third_party_required_plugins":[],"update_avilable_plugins":[],"incompatible_plugins":[],"error":false} | Context: {"required_plugins":{"active":[{"slug":"elementor","init":"elementor\/elementor.php","name":"Elementor"},{"slug":"header-footer-elementor","init":"header-footer-elementor\/header-footer-elementor.php","name":"Ultimate Addons for Elementor Lite"},{"slug":"sureforms","init":"sureforms\/sureforms.php","name":"SureForms"}],"inactive":[],"notinstalled":[{"slug":"wpforms-lite","init":"wpforms-lite\/wpforms.php","name":"WPForms Lite","action":"http:\/\/localhost\/wordpress\/wp-admin\/update.php?action=install-plugin&plugin=wpforms-lite&_wpnonce=a8ea8c585c"}]},"third_party_required_plugins":[],"update_avilable_plugins":[],"incompatible_plugins":[],"error":false}
[17:39:25 UTC] [INFO] Image subsizes deferral enabled for import
[17:40:19 UTC] [INFO] Image subsizes deferral enabled for import
[17:40:21 UTC] [INFO] Image subsizes deferral enabled for import
[17:40:55 UTC] [INFO] Image subsizes deferral enabled for import
[17:41:03 UTC] [INFO] Image subsizes deferral enabled for import
[17:41:04 UTC] [SUCCESS] {"required_plugins":{"active":[{"slug":"elementor","init":"elementor\/elementor.php","name":"Elementor"},{"slug":"header-footer-elementor","init":"header-footer-elementor\/header-footer-elementor.php","name":"Ultimate Addons for Elementor Lite"},{"slug":"sureforms","init":"sureforms\/sureforms.php","name":"SureForms"}],"inactive":[],"notinstalled":[{"slug":"wpforms-lite","init":"wpforms-lite\/wpforms.php","name":"WPForms Lite","action":"http:\/\/localhost\/wordpress\/wp-admin\/update.php?action=install-plugin&plugin=wpforms-lite&_wpnonce=a8ea8c585c"}]},"third_party_required_plugins":[],"update_avilable_plugins":[],"incompatible_plugins":[],"error":false} | Context: {"required_plugins":{"active":[{"slug":"elementor","init":"elementor\/elementor.php","name":"Elementor"},{"slug":"header-footer-elementor","init":"header-footer-elementor\/header-footer-elementor.php","name":"Ultimate Addons for Elementor Lite"},{"slug":"sureforms","init":"sureforms\/sureforms.php","name":"SureForms"}],"inactive":[],"notinstalled":[{"slug":"wpforms-lite","init":"wpforms-lite\/wpforms.php","name":"WPForms Lite","action":"http:\/\/localhost\/wordpress\/wp-admin\/update.php?action=install-plugin&plugin=wpforms-lite&_wpnonce=a8ea8c585c"}]},"third_party_required_plugins":[],"update_avilable_plugins":[],"incompatible_plugins":[],"error":false}
[17:42:03 UTC] [INFO] Image subsizes deferral enabled for import
[17:42:05 UTC] [INFO] Image subsizes deferral enabled for import
[17:44:02 UTC] [INFO] Image subsizes deferral enabled for import
[17:44:04 UTC] [INFO] Image subsizes deferral enabled for import
[17:44:05 UTC] [INFO] Image subsizes deferral enabled for import
[17:45:05 UTC] [INFO] Image subsizes deferral enabled for import
[17:45:06 UTC] [INFO] Image subsizes deferral enabled for import
[17:46:09 UTC] [INFO] Image subsizes deferral enabled for import
[17:46:11 UTC] [INFO] Image subsizes deferral enabled for import
[17:46:17 UTC] [INFO] Image subsizes deferral enabled for import
[17:46:20 UTC] [INFO] Image subsizes deferral enabled for import
[17:46:21 UTC] [INFO] Starting import process | Context: {"template_type":"classic","uuid":""}
[17:46:21 UTC] [INFO] Started Import Process
[17:46:21 UTC] [INFO] # System Details: 
[17:46:21 UTC] [INFO] Debug Mode 		: Disabled
[17:46:21 UTC] [INFO] Operating System 	: WINNT
[17:46:21 UTC] [INFO] Software 		: Apache/2.4.58 (Win64) OpenSSL/3.1.3 PHP/8.0.30
[17:46:21 UTC] [INFO] MySQL version 		: 10.4.32
[17:46:21 UTC] [INFO] XML Reader 		: Yes
[17:46:21 UTC] [INFO] PHP Version 		: 8.0.30
[17:46:21 UTC] [INFO] PHP Max Input Vars 	: 1000
[17:46:21 UTC] [INFO] PHP Max Post Size 	: 40M
[17:46:21 UTC] [INFO] PHP Extension GD 	: No
[17:46:21 UTC] [INFO] PHP Max Execution Time 	: 120
[17:46:21 UTC] [INFO] Max Upload Size 	: 40 MB
[17:46:21 UTC] [INFO] Memory Limit 		: Current memory limit 40M. We recommend setting memory to at least 64M.
[17:46:21 UTC] [INFO] Timezone 		: 0
[17:46:21 UTC] [INFO] 
-----

[17:46:21 UTC] [INFO] Importing Started! - 17:46:21 UTC
[17:46:21 UTC] [INFO] ---

[17:46:21 UTC] [INFO] WHY IMPORT PROCESS CAN FAIL? READ THIS - 
[17:46:21 UTC] [INFO] https://wpastra.com/docs/?p=1314&utm_source=demo-import-panel&utm_campaign=import-error&utm_medium=wp-dashboard

[17:46:21 UTC] [INFO] ---

[17:46:21 UTC] [SUCCESS] Import process start flag set successfully | Context: {"template_type":"classic"}
[17:46:21 UTC] [INFO] Image subsizes deferral enabled for import
[17:46:21 UTC] [INFO] Image subsizes deferral enabled for import
[17:46:22 UTC] [SUCCESS] {"required_plugins":{"active":[{"slug":"elementor","init":"elementor\/elementor.php","name":"Elementor"},{"slug":"header-footer-elementor","init":"header-footer-elementor\/header-footer-elementor.php","name":"Ultimate Addons for Elementor Lite"},{"slug":"sureforms","init":"sureforms\/sureforms.php","name":"SureForms"}],"inactive":[],"notinstalled":[{"slug":"wpforms-lite","init":"wpforms-lite\/wpforms.php","name":"WPForms Lite","action":"http:\/\/localhost\/wordpress\/wp-admin\/update.php?action=install-plugin&plugin=wpforms-lite&_wpnonce=a8ea8c585c"}]},"third_party_required_plugins":[],"update_avilable_plugins":[],"incompatible_plugins":[],"error":false} | Context: {"required_plugins":{"active":[{"slug":"elementor","init":"elementor\/elementor.php","name":"Elementor"},{"slug":"header-footer-elementor","init":"header-footer-elementor\/header-footer-elementor.php","name":"Ultimate Addons for Elementor Lite"},{"slug":"sureforms","init":"sureforms\/sureforms.php","name":"SureForms"}],"inactive":[],"notinstalled":[{"slug":"wpforms-lite","init":"wpforms-lite\/wpforms.php","name":"WPForms Lite","action":"http:\/\/localhost\/wordpress\/wp-admin\/update.php?action=install-plugin&plugin=wpforms-lite&_wpnonce=a8ea8c585c"}]},"third_party_required_plugins":[],"update_avilable_plugins":[],"incompatible_plugins":[],"error":false}
[17:46:23 UTC] [INFO] Image subsizes deferral enabled for import
[17:47:09 UTC] [INFO] Image subsizes deferral enabled for import
[17:48:37 UTC] [INFO] Image subsizes deferral enabled for import
[17:48:40 UTC] [INFO] Image subsizes deferral enabled for import
[17:48:44 UTC] [INFO] Image subsizes deferral enabled for import
[17:48:53 UTC] [INFO] Image subsizes deferral enabled for import
[17:48:53 UTC] [SUCCESS] {"required_plugins":{"active":[{"slug":"elementor","init":"elementor\/elementor.php","name":"Elementor"},{"slug":"header-footer-elementor","init":"header-footer-elementor\/header-footer-elementor.php","name":"Ultimate Addons for Elementor Lite"},{"slug":"sureforms","init":"sureforms\/sureforms.php","name":"SureForms"}],"inactive":[],"notinstalled":[{"slug":"wpforms-lite","init":"wpforms-lite\/wpforms.php","name":"WPForms Lite","action":"http:\/\/localhost\/wordpress\/wp-admin\/update.php?action=install-plugin&plugin=wpforms-lite&_wpnonce=a8ea8c585c"}]},"third_party_required_plugins":[],"update_avilable_plugins":[],"incompatible_plugins":[],"error":false} | Context: {"required_plugins":{"active":[{"slug":"elementor","init":"elementor\/elementor.php","name":"Elementor"},{"slug":"header-footer-elementor","init":"header-footer-elementor\/header-footer-elementor.php","name":"Ultimate Addons for Elementor Lite"},{"slug":"sureforms","init":"sureforms\/sureforms.php","name":"SureForms"}],"inactive":[],"notinstalled":[{"slug":"wpforms-lite","init":"wpforms-lite\/wpforms.php","name":"WPForms Lite","action":"http:\/\/localhost\/wordpress\/wp-admin\/update.php?action=install-plugin&plugin=wpforms-lite&_wpnonce=a8ea8c585c"}]},"third_party_required_plugins":[],"update_avilable_plugins":[],"incompatible_plugins":[],"error":false}
[17:50:54 UTC] [INFO] Image subsizes deferral enabled for import
[17:50:55 UTC] [INFO] Image subsizes deferral enabled for import
[17:52:55 UTC] [INFO] Image subsizes deferral enabled for import
[17:52:57 UTC] [INFO] Image subsizes deferral enabled for import
[17:54:29 UTC] [INFO] Image subsizes deferral enabled for import
[17:54:32 UTC] [INFO] Image subsizes deferral enabled for import
[04:05:56 UTC] [INFO] Image subsizes deferral enabled for import
[04:06:11 UTC] [INFO] Image subsizes deferral enabled for import
[04:06:14 UTC] [INFO] Image subsizes deferral enabled for import
[04:06:15 UTC] [INFO] Image subsizes deferral enabled for import
[04:06:16 UTC] [INFO] Image subsizes deferral enabled for import
[04:09:50 UTC] [INFO] Image subsizes deferral enabled for import
[04:09:55 UTC] [INFO] Image subsizes deferral enabled for import
[04:10:30 UTC] [INFO] Image subsizes deferral enabled for import
[04:10:32 UTC] [INFO] Image subsizes deferral enabled for import
[04:10:39 UTC] [INFO] Image subsizes deferral enabled for import
[04:11:02 UTC] [INFO] Image subsizes deferral enabled for import
[04:11:02 UTC] [SUCCESS] {"required_plugins":{"active":[{"slug":"elementor","init":"elementor\/elementor.php","name":"Elementor"},{"slug":"header-footer-elementor","init":"header-footer-elementor\/header-footer-elementor.php","name":"Ultimate Addons for Elementor Lite"},{"slug":"sureforms","init":"sureforms\/sureforms.php","name":"SureForms"}],"inactive":[],"notinstalled":[{"slug":"wpforms-lite","init":"wpforms-lite\/wpforms.php","name":"WPForms Lite","action":"http:\/\/localhost\/wordpress\/wp-admin\/update.php?action=install-plugin&plugin=wpforms-lite&_wpnonce=f2fc2b03a8"}]},"third_party_required_plugins":[],"update_avilable_plugins":[],"incompatible_plugins":[],"error":false} | Context: {"required_plugins":{"active":[{"slug":"elementor","init":"elementor\/elementor.php","name":"Elementor"},{"slug":"header-footer-elementor","init":"header-footer-elementor\/header-footer-elementor.php","name":"Ultimate Addons for Elementor Lite"},{"slug":"sureforms","init":"sureforms\/sureforms.php","name":"SureForms"}],"inactive":[],"notinstalled":[{"slug":"wpforms-lite","init":"wpforms-lite\/wpforms.php","name":"WPForms Lite","action":"http:\/\/localhost\/wordpress\/wp-admin\/update.php?action=install-plugin&plugin=wpforms-lite&_wpnonce=f2fc2b03a8"}]},"third_party_required_plugins":[],"update_avilable_plugins":[],"incompatible_plugins":[],"error":false}
[04:13:03 UTC] [INFO] Image subsizes deferral enabled for import
[04:13:04 UTC] [INFO] Image subsizes deferral enabled for import
[04:15:04 UTC] [INFO] Image subsizes deferral enabled for import
[04:15:05 UTC] [INFO] Image subsizes deferral enabled for import
[04:17:05 UTC] [INFO] Image subsizes deferral enabled for import
[04:17:06 UTC] [INFO] Image subsizes deferral enabled for import
[04:19:06 UTC] [INFO] Image subsizes deferral enabled for import
[04:19:07 UTC] [INFO] Image subsizes deferral enabled for import
[04:21:07 UTC] [INFO] Image subsizes deferral enabled for import
[04:21:08 UTC] [INFO] Image subsizes deferral enabled for import
[04:23:08 UTC] [INFO] Image subsizes deferral enabled for import
[04:23:09 UTC] [INFO] Image subsizes deferral enabled for import
[04:25:09 UTC] [INFO] Image subsizes deferral enabled for import
[04:25:11 UTC] [INFO] Image subsizes deferral enabled for import
[04:26:36 UTC] [INFO] Image subsizes deferral enabled for import
[04:26:38 UTC] [INFO] Image subsizes deferral enabled for import
[04:26:41 UTC] [INFO] Image subsizes deferral enabled for import
[04:26:44 UTC] [INFO] Image subsizes deferral enabled for import
[04:26:45 UTC] [INFO] Starting import process | Context: {"template_type":"classic","uuid":""}
[04:26:45 UTC] [INFO] Started Import Process
[04:26:45 UTC] [INFO] # System Details: 
[04:26:45 UTC] [INFO] Debug Mode 		: Disabled
[04:26:45 UTC] [INFO] Operating System 	: WINNT
[04:26:45 UTC] [INFO] Software 		: Apache/2.4.58 (Win64) OpenSSL/3.1.3 PHP/8.0.30
[04:26:45 UTC] [INFO] MySQL version 		: 10.4.32
[04:26:45 UTC] [INFO] XML Reader 		: Yes
[04:26:45 UTC] [INFO] PHP Version 		: 8.0.30
[04:26:45 UTC] [INFO] PHP Max Input Vars 	: 1000
[04:26:45 UTC] [INFO] PHP Max Post Size 	: 40M
[04:26:45 UTC] [INFO] PHP Extension GD 	: No
[04:26:45 UTC] [INFO] PHP Max Execution Time 	: 120
[04:26:45 UTC] [INFO] Max Upload Size 	: 40 MB
[04:26:45 UTC] [INFO] Memory Limit 		: Current memory limit 40M. We recommend setting memory to at least 64M.
[04:26:45 UTC] [INFO] Timezone 		: 0
[04:26:45 UTC] [INFO] 
-----

[04:26:45 UTC] [INFO] Importing Started! - 04:26:45 UTC
[04:26:45 UTC] [INFO] ---

[04:26:45 UTC] [INFO] WHY IMPORT PROCESS CAN FAIL? READ THIS - 
[04:26:45 UTC] [INFO] https://wpastra.com/docs/?p=1314&utm_source=demo-import-panel&utm_campaign=import-error&utm_medium=wp-dashboard

[04:26:45 UTC] [INFO] ---

[04:26:45 UTC] [SUCCESS] Import process start flag set successfully | Context: {"template_type":"classic"}
[04:26:45 UTC] [INFO] Image subsizes deferral enabled for import
[04:26:45 UTC] [INFO] Image subsizes deferral enabled for import
[04:26:46 UTC] [SUCCESS] {"required_plugins":{"active":[{"slug":"elementor","init":"elementor\/elementor.php","name":"Elementor"},{"slug":"header-footer-elementor","init":"header-footer-elementor\/header-footer-elementor.php","name":"Ultimate Addons for Elementor Lite"},{"slug":"sureforms","init":"sureforms\/sureforms.php","name":"SureForms"}],"inactive":[],"notinstalled":[{"slug":"wpforms-lite","init":"wpforms-lite\/wpforms.php","name":"WPForms Lite","action":"http:\/\/localhost\/wordpress\/wp-admin\/update.php?action=install-plugin&plugin=wpforms-lite&_wpnonce=f2fc2b03a8"}]},"third_party_required_plugins":[],"update_avilable_plugins":[],"incompatible_plugins":[],"error":false} | Context: {"required_plugins":{"active":[{"slug":"elementor","init":"elementor\/elementor.php","name":"Elementor"},{"slug":"header-footer-elementor","init":"header-footer-elementor\/header-footer-elementor.php","name":"Ultimate Addons for Elementor Lite"},{"slug":"sureforms","init":"sureforms\/sureforms.php","name":"SureForms"}],"inactive":[],"notinstalled":[{"slug":"wpforms-lite","init":"wpforms-lite\/wpforms.php","name":"WPForms Lite","action":"http:\/\/localhost\/wordpress\/wp-admin\/update.php?action=install-plugin&plugin=wpforms-lite&_wpnonce=f2fc2b03a8"}]},"third_party_required_plugins":[],"update_avilable_plugins":[],"incompatible_plugins":[],"error":false}
[04:27:35 UTC] [INFO] Image subsizes deferral enabled for import
[04:27:36 UTC] [INFO] Image subsizes deferral enabled for import
[04:29:36 UTC] [INFO] Image subsizes deferral enabled for import
[04:29:37 UTC] [INFO] Image subsizes deferral enabled for import
[04:31:37 UTC] [INFO] Image subsizes deferral enabled for import
[04:31:38 UTC] [INFO] Image subsizes deferral enabled for import
[04:32:59 UTC] [INFO] Image subsizes deferral enabled for import
[04:33:01 UTC] [INFO] Image subsizes deferral enabled for import
[04:33:04 UTC] [INFO] Image subsizes deferral enabled for import
[04:33:11 UTC] [INFO] Image subsizes deferral enabled for import
[04:33:11 UTC] [INFO] Image subsizes deferral enabled for import
[04:33:11 UTC] [SUCCESS] {"required_plugins":{"active":[{"slug":"elementor","init":"elementor\/elementor.php","name":"Elementor"},{"slug":"header-footer-elementor","init":"header-footer-elementor\/header-footer-elementor.php","name":"Ultimate Addons for Elementor Lite"},{"slug":"sureforms","init":"sureforms\/sureforms.php","name":"SureForms"}],"inactive":[],"notinstalled":[{"slug":"wpforms-lite","init":"wpforms-lite\/wpforms.php","name":"WPForms Lite","action":"http:\/\/localhost\/wordpress\/wp-admin\/update.php?action=install-plugin&plugin=wpforms-lite&_wpnonce=f2fc2b03a8"}]},"third_party_required_plugins":[],"update_avilable_plugins":[],"incompatible_plugins":[],"error":false} | Context: {"required_plugins":{"active":[{"slug":"elementor","init":"elementor\/elementor.php","name":"Elementor"},{"slug":"header-footer-elementor","init":"header-footer-elementor\/header-footer-elementor.php","name":"Ultimate Addons for Elementor Lite"},{"slug":"sureforms","init":"sureforms\/sureforms.php","name":"SureForms"}],"inactive":[],"notinstalled":[{"slug":"wpforms-lite","init":"wpforms-lite\/wpforms.php","name":"WPForms Lite","action":"http:\/\/localhost\/wordpress\/wp-admin\/update.php?action=install-plugin&plugin=wpforms-lite&_wpnonce=f2fc2b03a8"}]},"third_party_required_plugins":[],"update_avilable_plugins":[],"incompatible_plugins":[],"error":false}
[04:35:12 UTC] [INFO] Image subsizes deferral enabled for import
[04:35:13 UTC] [INFO] Image subsizes deferral enabled for import
[04:37:13 UTC] [INFO] Image subsizes deferral enabled for import
[04:37:14 UTC] [INFO] Image subsizes deferral enabled for import
[04:39:02 UTC] [INFO] Image subsizes deferral enabled for import
[04:39:04 UTC] [INFO] Image subsizes deferral enabled for import
[04:39:13 UTC] [INFO] Image subsizes deferral enabled for import
[04:39:14 UTC] [INFO] Image subsizes deferral enabled for import
[04:39:20 UTC] [INFO] Image subsizes deferral enabled for import
[04:39:22 UTC] [INFO] Image subsizes deferral enabled for import
[04:39:22 UTC] [INFO] Image subsizes deferral enabled for import
[04:39:28 UTC] [INFO] Image subsizes deferral enabled for import
[04:39:28 UTC] [INFO] Image subsizes deferral enabled for import
[04:39:31 UTC] [INFO] Image subsizes deferral enabled for import
[04:39:32 UTC] [INFO] Starting import process | Context: {"template_type":"classic","uuid":""}
[04:39:32 UTC] [INFO] Started Import Process
[04:39:32 UTC] [INFO] # System Details: 
[04:39:32 UTC] [INFO] Debug Mode 		: Disabled
[04:39:32 UTC] [INFO] Operating System 	: WINNT
[04:39:32 UTC] [INFO] Software 		: Apache/2.4.58 (Win64) OpenSSL/3.1.3 PHP/8.0.30
[04:39:32 UTC] [INFO] MySQL version 		: 10.4.32
[04:39:32 UTC] [INFO] XML Reader 		: Yes
[04:39:32 UTC] [INFO] PHP Version 		: 8.0.30
[04:39:32 UTC] [INFO] PHP Max Input Vars 	: 1000
[04:39:32 UTC] [INFO] PHP Max Post Size 	: 40M
[04:39:32 UTC] [INFO] PHP Extension GD 	: No
[04:39:32 UTC] [INFO] PHP Max Execution Time 	: 120
[04:39:32 UTC] [INFO] Max Upload Size 	: 40 MB
[04:39:32 UTC] [INFO] Memory Limit 		: Current memory limit 40M. We recommend setting memory to at least 64M.
[04:39:32 UTC] [INFO] Timezone 		: 0
[04:39:32 UTC] [INFO] 
-----

[04:39:32 UTC] [INFO] Importing Started! - 04:39:32 UTC
[04:39:32 UTC] [INFO] ---

[04:39:32 UTC] [INFO] WHY IMPORT PROCESS CAN FAIL? READ THIS - 
[04:39:32 UTC] [INFO] https://wpastra.com/docs/?p=1314&utm_source=demo-import-panel&utm_campaign=import-error&utm_medium=wp-dashboard

[04:39:32 UTC] [INFO] ---

[04:39:32 UTC] [SUCCESS] Import process start flag set successfully | Context: {"template_type":"classic"}
[04:39:32 UTC] [INFO] Image subsizes deferral enabled for import
[04:39:33 UTC] [SUCCESS] {"required_plugins":{"active":[{"slug":"elementor","init":"elementor\/elementor.php","name":"Elementor"},{"slug":"header-footer-elementor","init":"header-footer-elementor\/header-footer-elementor.php","name":"Ultimate Addons for Elementor Lite"},{"slug":"sureforms","init":"sureforms\/sureforms.php","name":"SureForms"}],"inactive":[],"notinstalled":[{"slug":"wpforms-lite","init":"wpforms-lite\/wpforms.php","name":"WPForms Lite","action":"http:\/\/localhost\/wordpress\/wp-admin\/update.php?action=install-plugin&plugin=wpforms-lite&_wpnonce=f2fc2b03a8"}]},"third_party_required_plugins":[],"update_avilable_plugins":[],"incompatible_plugins":[],"error":false} | Context: {"required_plugins":{"active":[{"slug":"elementor","init":"elementor\/elementor.php","name":"Elementor"},{"slug":"header-footer-elementor","init":"header-footer-elementor\/header-footer-elementor.php","name":"Ultimate Addons for Elementor Lite"},{"slug":"sureforms","init":"sureforms\/sureforms.php","name":"SureForms"}],"inactive":[],"notinstalled":[{"slug":"wpforms-lite","init":"wpforms-lite\/wpforms.php","name":"WPForms Lite","action":"http:\/\/localhost\/wordpress\/wp-admin\/update.php?action=install-plugin&plugin=wpforms-lite&_wpnonce=f2fc2b03a8"}]},"third_party_required_plugins":[],"update_avilable_plugins":[],"incompatible_plugins":[],"error":false}
[04:40:29 UTC] [INFO] Image subsizes deferral enabled for import
[04:40:30 UTC] [INFO] Image subsizes deferral enabled for import
[04:42:30 UTC] [INFO] Image subsizes deferral enabled for import
[04:42:31 UTC] [INFO] Image subsizes deferral enabled for import
[04:44:31 UTC] [INFO] Image subsizes deferral enabled for import
[04:44:33 UTC] [INFO] Image subsizes deferral enabled for import
[04:46:32 UTC] [INFO] Image subsizes deferral enabled for import
[04:46:33 UTC] [INFO] Image subsizes deferral enabled for import
[04:48:33 UTC] [INFO] Image subsizes deferral enabled for import
[04:48:34 UTC] [INFO] Image subsizes deferral enabled for import
[04:50:24 UTC] [INFO] Image subsizes deferral enabled for import
[04:50:26 UTC] [INFO] Image subsizes deferral enabled for import
[04:52:24 UTC] [INFO] Image subsizes deferral enabled for import
[04:52:25 UTC] [INFO] Image subsizes deferral enabled for import
[04:54:25 UTC] [INFO] Image subsizes deferral enabled for import
[04:54:27 UTC] [INFO] Image subsizes deferral enabled for import
[04:55:41 UTC] [INFO] Image subsizes deferral enabled for import
[04:55:43 UTC] [INFO] Image subsizes deferral enabled for import
[04:56:41 UTC] [INFO] Image subsizes deferral enabled for import
[04:56:43 UTC] [INFO] Image subsizes deferral enabled for import
[04:58:42 UTC] [INFO] Image subsizes deferral enabled for import
[04:58:43 UTC] [INFO] Image subsizes deferral enabled for import
[05:00:43 UTC] [INFO] Image subsizes deferral enabled for import
[05:00:44 UTC] [INFO] Image subsizes deferral enabled for import
[05:02:44 UTC] [INFO] Image subsizes deferral enabled for import
[05:02:45 UTC] [INFO] Image subsizes deferral enabled for import
[05:04:45 UTC] [INFO] Image subsizes deferral enabled for import
[05:04:47 UTC] [INFO] Image subsizes deferral enabled for import
[05:08:08 UTC] [INFO] Image subsizes deferral enabled for import
[05:08:10 UTC] [INFO] Image subsizes deferral enabled for import
[05:08:13 UTC] [INFO] Image subsizes deferral enabled for import
[14:49:30 UTC] [INFO] Image subsizes deferral enabled for import
[14:49:44 UTC] [INFO] Image subsizes deferral enabled for import
[14:49:44 UTC] [INFO] Image subsizes deferral enabled for import
[14:50:01 UTC] [INFO] Image subsizes deferral enabled for import
[14:50:03 UTC] [INFO] Image subsizes deferral enabled for import
[14:50:06 UTC] [INFO] Image subsizes deferral enabled for import
[14:50:11 UTC] [INFO] Image subsizes deferral enabled for import
[14:53:05 UTC] [INFO] Image subsizes deferral enabled for import
[14:53:08 UTC] [INFO] Image subsizes deferral enabled for import
[14:53:11 UTC] [INFO] Image subsizes deferral enabled for import
[14:53:21 UTC] [INFO] Image subsizes deferral enabled for import
[14:53:21 UTC] [INFO] Image subsizes deferral enabled for import
[14:53:23 UTC] [INFO] Image subsizes deferral enabled for import
[14:53:25 UTC] [INFO] Image subsizes deferral enabled for import
[14:53:33 UTC] [INFO] Image subsizes deferral enabled for import
[14:53:35 UTC] [INFO] Image subsizes deferral enabled for import
[14:53:38 UTC] [INFO] Image subsizes deferral enabled for import
[14:53:38 UTC] [INFO] Image subsizes deferral enabled for import
[14:53:40 UTC] [INFO] Image subsizes deferral enabled for import
[14:53:46 UTC] [INFO] Image subsizes deferral enabled for import
[14:53:55 UTC] [INFO] Image subsizes deferral enabled for import
[14:53:58 UTC] [INFO] Image subsizes deferral enabled for import
[14:55:03 UTC] [INFO] Image subsizes deferral enabled for import
[14:55:05 UTC] [INFO] Image subsizes deferral enabled for import
[14:55:23 UTC] [INFO] Image subsizes deferral enabled for import
[14:55:27 UTC] [INFO] Image subsizes deferral enabled for import
[14:55:27 UTC] [INFO] Image subsizes deferral enabled for import
[14:55:41 UTC] [INFO] Image subsizes deferral enabled for import
[14:55:44 UTC] [INFO] Image subsizes deferral enabled for import
[14:56:45 UTC] [INFO] Image subsizes deferral enabled for import
[14:56:47 UTC] [INFO] Image subsizes deferral enabled for import